<?xml version="1.0" encoding="UTF-8"?>
<testsuite xmlns:xsi="http://www.w3.org/2001/XMLSchema-instance" xsi:noNamespaceSchemaLocation="https://maven.apache.org/surefire/maven-surefire-plugin/xsd/surefire-test-report-3.0.xsd" version="3.0" name="com.calculator.CalculatorTest" time="0.35" tests="16" errors="0" skipped="0" failures="0">
  <properties>
    <property name="java.specification.version" value="17"/>
    <property name="sun.cpu.isalist" value="amd64"/>
    <property name="sun.jnu.encoding" value="Cp1252"/>
    <property name="java.class.path" value="C:\Users\dev\Documents\GitHub\env_test\tp0\target\test-classes;C:\Users\dev\Documents\GitHub\env_test\tp0\target\classes;C:\Users\dev\.m2\repository\org\junit\jupiter\junit-jupiter\5.9.2\junit-jupiter-5.9.2.jar;C:\Users\dev\.m2\repository\org\junit\jupiter\junit-jupiter-api\5.9.2\junit-jupiter-api-5.9.2.jar;C:\Users\dev\.m2\repository\org\opentest4j\opentest4j\1.2.0\opentest4j-1.2.0.jar;C:\Users\dev\.m2\repository\org\junit\platform\junit-platform-commons\1.9.2\junit-platform-commons-1.9.2.jar;C:\Users\dev\.m2\repository\org\apiguardian\apiguardian-api\1.1.2\apiguardian-api-1.1.2.jar;C:\Users\dev\.m2\repository\org\junit\jupiter\junit-jupiter-params\5.9.2\junit-jupiter-params-5.9.2.jar;C:\Users\dev\.m2\repository\org\junit\jupiter\junit-jupiter-engine\5.9.2\junit-jupiter-engine-5.9.2.jar;C:\Users\dev\.m2\repository\org\junit\platform\junit-platform-engine\1.9.2\junit-platform-engine-1.9.2.jar;"/>
    <property name="java.vm.vendor" value="Microsoft"/>
    <property name="sun.arch.data.model" value="64"/>
    <property name="user.variant" value=""/>
    <property name="java.vendor.url" value="https://www.microsoft.com"/>
    <property name="user.timezone" value="Africa/Tunis"/>
    <property name="user.country.format" value="TN"/>
    <property name="os.name" value="Windows 11"/>
    <property name="java.vm.specification.version" value="17"/>
    <property name="sun.java.launcher" value="SUN_STANDARD"/>
    <property name="user.country" value="FR"/>
    <property name="sun.boot.library.path" value="C:\Program Files\Microsoft\jdk-17.0.16.8-hotspot\bin"/>
    <property name="sun.java.command" value="C:\Users\dev\AppData\Local\Temp\surefire17363310058692587328\surefirebooter-20250928225258924_3.jar C:\Users\dev\AppData\Local\Temp\surefire17363310058692587328 2025-09-28T22-52-58_527-jvmRun1 surefire-20250928225258924_1tmp surefire_0-20250928225258924_2tmp"/>
    <property name="jdk.debug" value="release"/>
    <property name="test" value="CalculatorTest"/>
    <property name="surefire.test.class.path" value="C:\Users\dev\Documents\GitHub\env_test\tp0\target\test-classes;C:\Users\dev\Documents\GitHub\env_test\tp0\target\classes;C:\Users\dev\.m2\repository\org\junit\jupiter\junit-jupiter\5.9.2\junit-jupiter-5.9.2.jar;C:\Users\dev\.m2\repository\org\junit\jupiter\junit-jupiter-api\5.9.2\junit-jupiter-api-5.9.2.jar;C:\Users\dev\.m2\repository\org\opentest4j\opentest4j\1.2.0\opentest4j-1.2.0.jar;C:\Users\dev\.m2\repository\org\junit\platform\junit-platform-commons\1.9.2\junit-platform-commons-1.9.2.jar;C:\Users\dev\.m2\repository\org\apiguardian\apiguardian-api\1.1.2\apiguardian-api-1.1.2.jar;C:\Users\dev\.m2\repository\org\junit\jupiter\junit-jupiter-params\5.9.2\junit-jupiter-params-5.9.2.jar;C:\Users\dev\.m2\repository\org\junit\jupiter\junit-jupiter-engine\5.9.2\junit-jupiter-engine-5.9.2.jar;C:\Users\dev\.m2\repository\org\junit\platform\junit-platform-engine\1.9.2\junit-platform-engine-1.9.2.jar;"/>
    <property name="sun.cpu.endian" value="little"/>
    <property name="user.home" value="C:\Users\dev"/>
    <property name="user.language" value="fr"/>
    <property name="java.specification.vendor" value="Oracle Corporation"/>
    <property name="java.version.date" value="2025-07-15"/>
    <property name="java.home" value="C:\Program Files\Microsoft\jdk-17.0.16.8-hotspot"/>
    <property name="file.separator" value="\"/>
    <property name="basedir" value="C:\Users\dev\Documents\GitHub\env_test\tp0"/>
    <property name="java.vm.compressedOopsMode" value="32-bit"/>
    <property name="line.separator" value="&#10;"/>
    <property name="java.vm.specification.vendor" value="Oracle Corporation"/>
    <property name="java.specification.name" value="Java Platform API Specification"/>
    <property name="surefire.real.class.path" value="C:\Users\dev\AppData\Local\Temp\surefire17363310058692587328\surefirebooter-20250928225258924_3.jar"/>
    <property name="user.script" value=""/>
    <property name="sun.management.compiler" value="HotSpot 64-Bit Tiered Compilers"/>
    <property name="java.runtime.version" value="17.0.16+8-LTS"/>
    <property name="user.name" value="dev"/>
    <property name="path.separator" value=";"/>
    <property name="os.version" value="10.0"/>
    <property name="java.runtime.name" value="OpenJDK Runtime Environment"/>
    <property name="file.encoding" value="Cp1252"/>
    <property name="java.vm.name" value="OpenJDK 64-Bit Server VM"/>
    <property name="java.vendor.version" value="Microsoft-11926163"/>
    <property name="localRepository" value="C:\Users\dev\.m2\repository"/>
    <property name="java.vendor.url.bug" value="https://github.com/microsoft/openjdk/issues"/>
    <property name="java.io.tmpdir" value="C:\Users\dev\AppData\Local\Temp\"/>
    <property name="java.version" value="17.0.16"/>
    <property name="user.dir" value="C:\Users\dev\Documents\GitHub\env_test\tp0"/>
    <property name="os.arch" value="amd64"/>
    <property name="java.vm.specification.name" value="Java Virtual Machine Specification"/>
    <property name="sun.os.patch.level" value=""/>
    <property name="native.encoding" value="Cp1252"/>
    <property name="java.library.path" value="C:\Program Files\Microsoft\jdk-17.0.16.8-hotspot\bin;C:\WINDOWS\Sun\Java\bin;C:\WINDOWS\system32;C:\WINDOWS;C:\Program Files\Microsoft\jdk-17.0.16.8-hotspot\bin;C:\WINDOWS\system32;C:\WINDOWS;C:\WINDOWS\System32\Wbem;C:\WINDOWS\System32\WindowsPowerShell\v1.0\;C:\WINDOWS\System32\OpenSSH\;C:\Program Files\dotnet\;C:\ProgramData\chocolatey\bin;C:\Program Files\Git\cmd;C:\Users\dev\scoop\apps\maven\current\bin;C:\Users\dev\scoop\shims;C:\Users\dev\AppData\Local\Microsoft\WindowsApps;C:\Users\dev\AppData\Local\GitHubDesktop\bin;C:\Users\dev\AppData\Local\Programs\Microsoft VS Code\bin;c:\Users\dev\AppData\Roaming\Code\User\globalStorage\github.copilot-chat\debugCommand;."/>
    <property name="java.vm.info" value="mixed mode, sharing"/>
    <property name="java.vendor" value="Microsoft"/>
    <property name="java.vm.version" value="17.0.16+8-LTS"/>
    <property name="java.specification.maintenance.version" value="1"/>
    <property name="sun.io.unicode.encoding" value="UnicodeLittle"/>
    <property name="java.class.version" value="61.0"/>
  </properties>
  <testcase name="testBoundaryValues" classname="com.calculator.CalculatorTest" time="0.081"/>
  <testcase name="testAddDoubles" classname="com.calculator.CalculatorTest" time="0.002"/>
  <testcase name="testAddInfiniteDoubles" classname="com.calculator.CalculatorTest" time="0.004"/>
  <testcase name="testMultiplyNaNDoubles" classname="com.calculator.CalculatorTest" time="0"/>
  <testcase name="testMultiplyIntegers" classname="com.calculator.CalculatorTest" time="0"/>
  <testcase name="testParameterizedAddition(int, int, int)[1]" classname="com.calculator.CalculatorTest" time="0.034"/>
  <testcase name="testParameterizedAddition(int, int, int)[2]" classname="com.calculator.CalculatorTest" time="0.002"/>
  <testcase name="testParameterizedAddition(int, int, int)[3]" classname="com.calculator.CalculatorTest" time="0.002"/>
  <testcase name="testParameterizedAddition(int, int, int)[4]" classname="com.calculator.CalculatorTest" time="0.002"/>
  <testcase name="testMultiplyDoubles" classname="com.calculator.CalculatorTest" time="0"/>
  <testcase name="testAddNaNDoubles" classname="com.calculator.CalculatorTest" time="0.009"/>
  <testcase name="testIntegerMultiplicationOverflow" classname="com.calculator.CalculatorTest" time="0.007"/>
  <testcase name="testIntegerAdditionOverflow" classname="com.calculator.CalculatorTest" time="0.016"/>
  <testcase name="testIntegerAdditionUnderflow" classname="com.calculator.CalculatorTest" time="0.003"/>
  <testcase name="testAddPositiveIntegers" classname="com.calculator.CalculatorTest" time="0"/>
  <testcase name="testDoubleInfinityMultiplication" classname="com.calculator.CalculatorTest" time="0.008"/>
</testsuite>